<?xml version="1.0" encoding="UTF-8"?>
<testsuite xmlns:xsi="http://www.w3.org/2001/XMLSchema-instance" xsi:noNamespaceSchemaLocation="https://maven.apache.org/surefire/maven-surefire-plugin/xsd/surefire-test-report-3.0.xsd" version="3.0" name="Account activity transactions table" time="5.098" tests="1" errors="0" skipped="0" failures="0">
  <properties>
[...]
</properties>
  <testcase name="Transactions table headers" classname="Account activity transactions table" time="5.098">
    <system-out><![CDATA[
@regression
Scenario: Transactions table headers                        &amp#27;[90m# src/test/resources/features/TransactionsTable.feature:4&amp#27;[0m
  &amp#27;[32mGiven &amp#27;[0m&amp#27;[32muser is logged in&amp#27;[0m                                   &amp#27;[90m# com.zeroabank.step_Definations.AccountTypeStepDefs.user_is_logged_in()&amp#27;[0m
  &amp#27;[32mWhen &amp#27;[0m&amp#27;[32muser navigates to Account Activity&amp#27;[0m                   &amp#27;[90m# com.zeroabank.step_Definations.AccountDropdownStepDefs.user_navigates_to_account_activity()&amp#27;[0m
  &amp#27;[32mThen &amp#27;[0m&amp#27;[32mthe Transactions table should have following headers&amp#27;[0m &amp#27;[90m# com.zeroabank.step_Definations.TransactionsTableStepDefs.the_Transactions_table_should_have_following_headers(java.util.List<java.lang.String>)&amp#27;[0m
]]></system-out>
    <system-err><![CDATA[[pool-2-thread-1] INFO io.github.bonigarcia.wdm.WebDriverManager - Using chromedriver 90.0.4430.24 (resolved driver for Chrome 90)
[pool-2-thread-1] INFO io.github.bonigarcia.wdm.WebDriverManager - Exporting webdriver.chrome.driver as C:\Users\Malik\.cache\selenium\chromedriver\win32\90.0.4430.24\chromedriver.exe
Starting ChromeDriver 90.0.4430.24 (4c6d850f087da467d926e8eddb76550aed655991-refs/branch-heads/4430@{#429}) on port 14449
Only local connections are allowed.
Please see https://chromedriver.chromium.org/security-considerations for suggestions on keeping ChromeDriver safe.
ChromeDriver was started successfully.
Jun 01, 2021 3:45:20 PM org.openqa.selenium.remote.ProtocolHandshake createSession
INFO: Detected dialect: W3C
]]></system-err>
  </testcase>
</testsuite>